Determining if the pthread_create exist failed with the following output:
Change Dir: /home/zxx/Desktop/WebServer/demo/build/release-cpp11/CMakeFiles/CMakeTmp

Run Build Command:"/usr/bin/make" "cmTC_aa0aa/fast"
/usr/bin/make -f CMakeFiles/cmTC_aa0aa.dir/build.make CMakeFiles/cmTC_aa0aa.dir/build
make[1]: Entering directory '/home/zxx/Desktop/WebServer/demo/build/release-cpp11/CMakeFiles/CMakeTmp'
Building C object CMakeFiles/cmTC_aa0aa.dir/CheckSymbolExists.c.o
/usr/bin/cc    -o CMakeFiles/cmTC_aa0aa.dir/CheckSymbolExists.c.o   -c /home/zxx/Desktop/WebServer/demo/build/release-cpp11/CMakeFiles/CMakeTmp/CheckSymbolExists.c
Linking C executable cmTC_aa0aa
/usr/bin/cmake -E cmake_link_script CMakeFiles/cmTC_aa0aa.dir/link.txt --verbose=1
/usr/bin/cc      -rdynamic CMakeFiles/cmTC_aa0aa.dir/CheckSymbolExists.c.o  -o cmTC_aa0aa 
CMakeFiles/cmTC_aa0aa.dir/CheckSymbolExists.c.o: In function `main':
CheckSymbolExists.c:(.text+0x1b): undefined reference to `pthread_create'
collect2: error: ld returned 1 exit status
CMakeFiles/cmTC_aa0aa.dir/build.make:97: recipe for target 'cmTC_aa0aa' failed
make[1]: *** [cmTC_aa0aa] Error 1
make[1]: Leaving directory '/home/zxx/Desktop/WebServer/demo/build/release-cpp11/CMakeFiles/CMakeTmp'
Makefile:126: recipe for target 'cmTC_aa0aa/fast' failed
make: *** [cmTC_aa0aa/fast] Error 2

File /home/zxx/Desktop/WebServer/demo/build/release-cpp11/CMakeFiles/CMakeTmp/CheckSymbolExists.c:
/* */
#include <pthread.h>

int main(int argc, char** argv)
{
  (void)argv;
#ifndef pthread_create
  return ((int*)(&pthread_create))[argc];
#else
  (void)argc;
  return 0;
#endif
}

Determining if the function pthread_create exists in the pthreads failed with the following output:
Change Dir: /home/zxx/Desktop/WebServer/demo/build/release-cpp11/CMakeFiles/CMakeTmp

Run Build Command:"/usr/bin/make" "cmTC_3d7ca/fast"
/usr/bin/make -f CMakeFiles/cmTC_3d7ca.dir/build.make CMakeFiles/cmTC_3d7ca.dir/build
make[1]: Entering directory '/home/zxx/Desktop/WebServer/demo/build/release-cpp11/CMakeFiles/CMakeTmp'
Building C object CMakeFiles/cmTC_3d7ca.dir/CheckFunctionExists.c.o
/usr/bin/cc   -DCHECK_FUNCTION_EXISTS=pthread_create   -o CMakeFiles/cmTC_3d7ca.dir/CheckFunctionExists.c.o   -c /usr/share/cmake-3.10/Modules/CheckFunctionExists.c
Linking C executable cmTC_3d7ca
/usr/bin/cmake -E cmake_link_script CMakeFiles/cmTC_3d7ca.dir/link.txt --verbose=1
/usr/bin/cc  -DCHECK_FUNCTION_EXISTS=pthread_create    -rdynamic CMakeFiles/cmTC_3d7ca.dir/CheckFunctionExists.c.o  -o cmTC_3d7ca -lpthreads 
/usr/bin/ld: cannot find -lpthreads
collect2: error: ld returned 1 exit status
CMakeFiles/cmTC_3d7ca.dir/build.make:97: recipe for target 'cmTC_3d7ca' failed
make[1]: *** [cmTC_3d7ca] Error 1
make[1]: Leaving directory '/home/zxx/Desktop/WebServer/demo/build/release-cpp11/CMakeFiles/CMakeTmp'
Makefile:126: recipe for target 'cmTC_3d7ca/fast' failed
make: *** [cmTC_3d7ca/fast] Error 2


